<?xml version="1.0" encoding="UTF-8"?>
<!-- Generated by org.testng.reporters.JUnitReportReporter -->
<testsuite hostname="MXITL203" failures="0" tests="2" name="selenium.TestNGParam" time="5.094" errors="0" timestamp="2024-08-06T22:36:35 IST" skipped="0">
  <testcase classname="selenium.TestNGParam" name="testUntitled" time="0.010"/>
  <system-out/>
  <testcase classname="selenium.TestNGParam" name="testListTitles" time="5.084"/>
  <system-out/>
</testsuite> <!-- selenium.TestNGParam -->
